<?xml version="1.0" encoding="UTF-8"?>
<!-- Generated by org.testng.reporters.JUnitReportReporter -->
<testsuite hostname="9a5b7116d740519" failures="0" tests="1" name="restassuredproject.ReqResTests" time="2.621" errors="0" timestamp="2023-09-24T15:45:07 IST" skipped="0">
  <testcase classname="restassuredproject.ReqResTests" name="post_test" time="2.621"/>
</testsuite> <!-- restassuredproject.ReqResTests -->
