<?xml version="1.0" encoding="UTF-8"?>
<!-- Generated by org.testng.reporters.JUnitReportReporter -->
<testsuite hostname="9a5b7116d740519" failures="0" tests="3" name="restassuredproject.ReqRes_Post_Tests" time="3.570" errors="0" timestamp="2023-09-24T15:59:42 IST" skipped="0">
  <testcase classname="restassuredproject.ReqRes_Post_Tests" name="TC01_positive_test" time="2.737"/>
  <testcase classname="restassuredproject.ReqRes_Post_Tests" name="TC03_negative_nopassword_test" time="0.418"/>
  <testcase classname="restassuredproject.ReqRes_Post_Tests" name="TC02_negative_invalidemail_test" time="0.415"/>
</testsuite> <!-- restassuredproject.ReqRes_Post_Tests -->
